app/build/intermediates/manifest_merge_blame_file/debug/manifest-merger-blame-debug-report.txt
1<?xml version="1.0" encoding="utf-8"?>
2<manifest xmlns:android="http://schemas.android.com/apk/res/android"
3    package="com.example.codecademy"
4    android:versionCode="1"
5    android:versionName="1.0" >
6
7    <uses-sdk
8        android:minSdkVersion="21"
8-->src\main\AndroidManifest.xml
9        android:targetSdkVersion="32" />
9-->src\main\AndroidManifest.xml
10
11    <uses-permission android:name="android.permission.INTERNET" />
11-->[com.google.firebase:firebase-auth:21.0.8] AndroidManifest.xml:23:5-67
11-->[com.google.firebase:firebase-auth:21.0.8] AndroidManifest.xml:23:22-64
12    <uses-permission android:name="android.permission.ACCESS_NETWORK_STATE" />
12-->[com.google.firebase:firebase-auth:21.0.8] AndroidManifest.xml:24:5-79
12-->[com.google.firebase:firebase-auth:21.0.8] AndroidManifest.xml:24:22-76
13
14    <application
14-->src\main\AndroidManifest.xml:6:5-31:19
15        android:allowBackup="true"
15-->src\main\AndroidManifest.xml:7:9-35
16        android:appComponentFactory="androidx.core.app.CoreComponentFactory"
16-->[androidx.core:core:1.8.0] AndroidManifest.xml:24:18-86
17        android:dataExtractionRules="@xml/data_extraction_rules"
17-->src\main\AndroidManifest.xml:8:9-65
18        android:debuggable="true"
19        android:fullBackupContent="@xml/backup_rules"
19-->src\main\AndroidManifest.xml:9:9-54
20        android:icon="@mipmap/ic_launcher"
20-->src\main\AndroidManifest.xml:10:9-43
21        android:label="@string/app_name"
21-->src\main\AndroidManifest.xml:11:9-41
22        android:roundIcon="@mipmap/ic_launcher_round"
22-->src\main\AndroidManifest.xml:12:9-54
23        android:supportsRtl="true"
23-->src\main\AndroidManifest.xml:13:9-35
24        android:testOnly="true"
25        android:theme="@style/Theme.Codecademy" >
25-->src\main\AndroidManifest.xml:14:9-48
26        <activity
26-->src\main\AndroidManifest.xml:16:9-18:40
27            android:name="com.example.codecademy.Details"
27-->src\main\AndroidManifest.xml:17:13-36
28            android:exported="false" />
28-->src\main\AndroidManifest.xml:18:13-37
29        <activity
29-->src\main\AndroidManifest.xml:19:9-21:40
30            android:name="com.example.codecademy.Registeration"
30-->src\main\AndroidManifest.xml:20:13-42
31            android:exported="false" />
31-->src\main\AndroidManifest.xml:21:13-37
32        <activity
32-->src\main\AndroidManifest.xml:22:9-30:20
33            android:name="com.example.codecademy.MainActivity"
33-->src\main\AndroidManifest.xml:23:13-41
34            android:exported="true" >
34-->src\main\AndroidManifest.xml:24:13-36
35            <intent-filter>
35-->src\main\AndroidManifest.xml:25:13-29:29
36                <action android:name="android.intent.action.MAIN" />
36-->src\main\AndroidManifest.xml:26:17-69
36-->src\main\AndroidManifest.xml:26:25-66
37
38                <category android:name="android.intent.category.LAUNCHER" />
38-->src\main\AndroidManifest.xml:28:17-77
38-->src\main\AndroidManifest.xml:28:27-74
39            </intent-filter>
40        </activity>
41        <activity
41-->[com.google.firebase:firebase-auth:21.0.8] AndroidManifest.xml:27:9-44:20
42            android:name="com.google.firebase.auth.internal.GenericIdpActivity"
42-->[com.google.firebase:firebase-auth:21.0.8] AndroidManifest.xml:28:13-80
43            android:excludeFromRecents="true"
43-->[com.google.firebase:firebase-auth:21.0.8] AndroidManifest.xml:29:13-46
44            android:exported="true"
44-->[com.google.firebase:firebase-auth:21.0.8] AndroidManifest.xml:30:13-36
45            android:launchMode="singleTask"
45-->[com.google.firebase:firebase-auth:21.0.8] AndroidManifest.xml:31:13-44
46            android:theme="@android:style/Theme.Translucent.NoTitleBar" >
46-->[com.google.firebase:firebase-auth:21.0.8] AndroidManifest.xml:32:13-72
47            <intent-filter>
47-->[com.google.firebase:firebase-auth:21.0.8] AndroidManifest.xml:33:13-43:29
48                <action android:name="android.intent.action.VIEW" />
48-->[com.google.firebase:firebase-auth:21.0.8] AndroidManifest.xml:34:17-69
48-->[com.google.firebase:firebase-auth:21.0.8] AndroidManifest.xml:34:25-66
49
50                <category android:name="android.intent.category.DEFAULT" />
50-->[com.google.firebase:firebase-auth:21.0.8] AndroidManifest.xml:36:17-76
50-->[com.google.firebase:firebase-auth:21.0.8] AndroidManifest.xml:36:27-73
51                <category android:name="android.intent.category.BROWSABLE" />
51-->[com.google.firebase:firebase-auth:21.0.8] AndroidManifest.xml:37:17-78
51-->[com.google.firebase:firebase-auth:21.0.8] AndroidManifest.xml:37:27-75
52
53                <data
53-->[com.google.firebase:firebase-auth:21.0.8] AndroidManifest.xml:39:17-42:51
54                    android:host="firebase.auth"
54-->[com.google.firebase:firebase-auth:21.0.8] AndroidManifest.xml:40:21-49
55                    android:path="/"
55-->[com.google.firebase:firebase-auth:21.0.8] AndroidManifest.xml:41:21-37
56                    android:scheme="genericidp" />
56-->[com.google.firebase:firebase-auth:21.0.8] AndroidManifest.xml:42:21-48
57            </intent-filter>
58        </activity>
59        <activity
59-->[com.google.firebase:firebase-auth:21.0.8] AndroidManifest.xml:45:9-62:20
60            android:name="com.google.firebase.auth.internal.RecaptchaActivity"
60-->[com.google.firebase:firebase-auth:21.0.8] AndroidManifest.xml:46:13-79
61            android:excludeFromRecents="true"
61-->[com.google.firebase:firebase-auth:21.0.8] AndroidManifest.xml:47:13-46
62            android:exported="true"
62-->[com.google.firebase:firebase-auth:21.0.8] AndroidManifest.xml:48:13-36
63            android:launchMode="singleTask"
63-->[com.google.firebase:firebase-auth:21.0.8] AndroidManifest.xml:49:13-44
64            android:theme="@android:style/Theme.Translucent.NoTitleBar" >
64-->[com.google.firebase:firebase-auth:21.0.8] AndroidManifest.xml:50:13-72
65            <intent-filter>
65-->[com.google.firebase:firebase-auth:21.0.8] AndroidManifest.xml:51:13-61:29
66                <action android:name="android.intent.action.VIEW" />
66-->[com.google.firebase:firebase-auth:21.0.8] AndroidManifest.xml:34:17-69
66-->[com.google.firebase:firebase-auth:21.0.8] AndroidManifest.xml:34:25-66
67
68                <category android:name="android.intent.category.DEFAULT" />
68-->[com.google.firebase:firebase-auth:21.0.8] AndroidManifest.xml:36:17-76
68-->[com.google.firebase:firebase-auth:21.0.8] AndroidManifest.xml:36:27-73
69                <category android:name="android.intent.category.BROWSABLE" />
69-->[com.google.firebase:firebase-auth:21.0.8] AndroidManifest.xml:37:17-78
69-->[com.google.firebase:firebase-auth:21.0.8] AndroidManifest.xml:37:27-75
70
71                <data
71-->[com.google.firebase:firebase-auth:21.0.8] AndroidManifest.xml:39:17-42:51
72                    android:host="firebase.auth"
72-->[com.google.firebase:firebase-auth:21.0.8] AndroidManifest.xml:40:21-49
73                    android:path="/"
73-->[com.google.firebase:firebase-auth:21.0.8] AndroidManifest.xml:41:21-37
74                    android:scheme="recaptcha" />
74-->[com.google.firebase:firebase-auth:21.0.8] AndroidManifest.xml:42:21-48
75            </intent-filter>
76        </activity>
77
78        <service
78-->[com.google.firebase:firebase-auth:21.0.8] AndroidManifest.xml:64:9-70:19
79            android:name="com.google.firebase.components.ComponentDiscoveryService"
79-->[com.google.firebase:firebase-auth:21.0.8] AndroidManifest.xml:65:13-84
80            android:directBootAware="true"
80-->[com.google.firebase:firebase-common:20.1.2] AndroidManifest.xml:35:13-43
81            android:exported="false" >
81-->[com.google.firebase:firebase-auth:21.0.8] AndroidManifest.xml:66:13-37
82            <meta-data
82-->[com.google.firebase:firebase-auth:21.0.8] AndroidManifest.xml:67:13-69:85
83                android:name="com.google.firebase.components:com.google.firebase.auth.FirebaseAuthRegistrar"
83-->[com.google.firebase:firebase-auth:21.0.8] AndroidManifest.xml:68:17-109
84                android:value="com.google.firebase.components.ComponentRegistrar" />
84-->[com.google.firebase:firebase-auth:21.0.8] AndroidManifest.xml:69:17-82
85            <meta-data
85-->[com.google.firebase:firebase-common-ktx:20.1.2] AndroidManifest.xml:15:13-17:85
86                android:name="com.google.firebase.components:com.google.firebase.ktx.FirebaseCommonKtxRegistrar"
86-->[com.google.firebase:firebase-common-ktx:20.1.2] AndroidManifest.xml:16:17-113
87                android:value="com.google.firebase.components.ComponentRegistrar" />
87-->[com.google.firebase:firebase-common-ktx:20.1.2] AndroidManifest.xml:17:17-82
88            <meta-data
88-->[com.google.firebase:firebase-database:20.0.6] AndroidManifest.xml:32:13-34:85
89                android:name="com.google.firebase.components:com.google.firebase.database.DatabaseRegistrar"
89-->[com.google.firebase:firebase-database:20.0.6] AndroidManifest.xml:33:17-109
90                android:value="com.google.firebase.components.ComponentRegistrar" />
90-->[com.google.firebase:firebase-database:20.0.6] AndroidManifest.xml:34:17-82
91        </service>
92
93        <provider
93-->[com.google.firebase:firebase-common:20.1.2] AndroidManifest.xml:26:9-31:39
94            android:name="com.google.firebase.provider.FirebaseInitProvider"
94-->[com.google.firebase:firebase-common:20.1.2] AndroidManifest.xml:27:13-77
95            android:authorities="com.example.codecademy.firebaseinitprovider"
95-->[com.google.firebase:firebase-common:20.1.2] AndroidManifest.xml:28:13-72
96            android:directBootAware="true"
96-->[com.google.firebase:firebase-common:20.1.2] AndroidManifest.xml:29:13-43
97            android:exported="false"
97-->[com.google.firebase:firebase-common:20.1.2] AndroidManifest.xml:30:13-37
98            android:initOrder="100" />
98-->[com.google.firebase:firebase-common:20.1.2] AndroidManifest.xml:31:13-36
99
100        <activity
100-->[com.google.android.gms:play-services-base:18.0.1] AndroidManifest.xml:20:9-22:45
101            android:name="com.google.android.gms.common.api.GoogleApiActivity"
101-->[com.google.android.gms:play-services-base:18.0.1] AndroidManifest.xml:20:19-85
102            android:exported="false"
102-->[com.google.android.gms:play-services-base:18.0.1] AndroidManifest.xml:22:19-43
103            android:theme="@android:style/Theme.Translucent.NoTitleBar" />
103-->[com.google.android.gms:play-services-base:18.0.1] AndroidManifest.xml:21:19-78
104
105        <meta-data
105-->[com.google.android.gms:play-services-basement:18.1.0] AndroidManifest.xml:21:9-23:69
106            android:name="com.google.android.gms.version"
106-->[com.google.android.gms:play-services-basement:18.1.0] AndroidManifest.xml:22:13-58
107            android:value="@integer/google_play_services_version" />
107-->[com.google.android.gms:play-services-basement:18.1.0] AndroidManifest.xml:23:13-66
108
109        <provider
109-->[androidx.emoji2:emoji2:1.2.0] AndroidManifest.xml:24:9-32:20
110            android:name="androidx.startup.InitializationProvider"
110-->[androidx.emoji2:emoji2:1.2.0] AndroidManifest.xml:25:13-67
111            android:authorities="com.example.codecademy.androidx-startup"
111-->[androidx.emoji2:emoji2:1.2.0] AndroidManifest.xml:26:13-68
112            android:exported="false" >
112-->[androidx.emoji2:emoji2:1.2.0] AndroidManifest.xml:27:13-37
113            <meta-data
113-->[androidx.emoji2:emoji2:1.2.0] AndroidManifest.xml:29:13-31:52
114                android:name="androidx.emoji2.text.EmojiCompatInitializer"
114-->[androidx.emoji2:emoji2:1.2.0] AndroidManifest.xml:30:17-75
115                android:value="androidx.startup" />
115-->[androidx.emoji2:emoji2:1.2.0] AndroidManifest.xml:31:17-49
116            <meta-data
116-->[androidx.lifecycle:lifecycle-process:2.4.1] AndroidManifest.xml:31:13-33:52
117                android:name="androidx.lifecycle.ProcessLifecycleInitializer"
117-->[androidx.lifecycle:lifecycle-process:2.4.1] AndroidManifest.xml:32:17-78
118                android:value="androidx.startup" />
118-->[androidx.lifecycle:lifecycle-process:2.4.1] AndroidManifest.xml:33:17-49
119        </provider>
120    </application>
121
122</manifest>